<?xml version="1.0" encoding="UTF-8"?>
<!-- Generated by org.testng.reporters.JUnitReportReporter -->
<testsuite hostname="Himaz-WL" failures="0" tests="1" name="com.qa.testcases.InputPageTest" time="12.140" errors="0" timestamp="2024-12-05T16:01:34 IST" skipped="0">
  <testcase classname="com.qa.testcases.InputPageTest" name="verifyCheckBoxFunctionality" time="12.140"/>
  <system-out/>
</testsuite> <!-- com.qa.testcases.InputPageTest -->
