<?xml version="1.0" encoding="UTF-8"?>
<!-- Generated by org.testng.reporters.JUnitReportReporter -->
<testsuite hostname="Himaz-WL" failures="0" tests="1" name="com.qa.testcases.HoverPageTest" time="5.688" errors="0" timestamp="2024-12-05T16:34:32 IST" skipped="0">
  <testcase classname="com.qa.testcases.HoverPageTest" name="verifyMouseHoverFirstImageFunctionality" time="5.688"/>
  <system-out/>
</testsuite> <!-- com.qa.testcases.HoverPageTest -->
