<?xml version="1.0" encoding="UTF-8"?>
<!-- Generated by org.testng.reporters.JUnitReportReporter -->
<testsuite hostname="Himaz-WL" failures="0" tests="2" name="com.qa.testcases.JavascriptAlertPageTest" time="19.901" errors="0" timestamp="2024-12-05T16:01:34 IST" skipped="0">
  <testcase classname="com.qa.testcases.JavascriptAlertPageTest" name="verifyJSAlertFunctionality" time="9.923"/>
  <system-out/>
  <testcase classname="com.qa.testcases.JavascriptAlertPageTest" name="verifyJSConfirmFunctionality" time="9.978"/>
  <system-out/>
</testsuite> <!-- com.qa.testcases.JavascriptAlertPageTest -->
