<?xml version="1.0" encoding="UTF-8"?>
<!-- Generated by org.testng.reporters.JUnitReportReporter -->
<testsuite hostname="Himaz-WL" failures="0" tests="1" name="com.qa.testcases.InputPageTest" time="10.765" errors="0" timestamp="2024-12-05T16:34:32 IST" skipped="0">
  <testcase classname="com.qa.testcases.InputPageTest" name="verifyInputFunctionality" time="10.765"/>
  <system-out/>
</testsuite> <!-- com.qa.testcases.InputPageTest -->
