<?xml version="1.0" encoding="UTF-8"?>
<!-- Generated by org.testng.reporters.JUnitReportReporter -->
<testsuite hostname="Himaz-WL" failures="0" tests="2" name="com.qa.testcases.JavascriptAlertPageTest" time="17.689" errors="0" timestamp="2024-12-05T16:34:32 IST" skipped="0">
  <testcase classname="com.qa.testcases.JavascriptAlertPageTest" name="verifyJSAlertFunctionality" time="8.151"/>
  <system-out/>
  <testcase classname="com.qa.testcases.JavascriptAlertPageTest" name="verifyJSConfirmFunctionality" time="9.538"/>
  <system-out/>
</testsuite> <!-- com.qa.testcases.JavascriptAlertPageTest -->
